# JRE version: OpenJDK Runtime Environment (8.0_422-b05) (build 1.8.0_422-b05)
# Java VM: OpenJDK 64-Bit Server VM (25.422-b05 mixed mode windows-amd64 compressed oops)
Heap:
 PSYoungGen      total 37888K, used 17897K [0x00000000d6a00000, 0x00000000d9400000, 0x0000000100000000)
  eden space 32768K, 39% used [0x00000000d6a00000,0x00000000d7682340,0x00000000d8a00000)
  from space 5120K, 99% used [0x00000000d8a00000,0x00000000d8ef8240,0x00000000d8f00000)
  to   space 5120K, 0% used [0x00000000d8f00000,0x00000000d8f00000,0x00000000d9400000)
 ParOldGen       total 86016K, used 5270K [0x0000000083e00000, 0x0000000089200000, 0x00000000d6a00000)
  object space 86016K, 6% used [0x0000000083e00000,0x0000000084325b10,0x0000000089200000)
 Metaspace       used 18473K, capacity 19028K, committed 19200K, reserved 1067008K
  class space    used 2347K, capacity 2518K, committed 2560K, reserved 1048576K
GC Heap History (6 events):
Event: 1.708 GC heap before
{Heap before GC invocations=1 (full 0):
 PSYoungGen      total 37888K, used 32768K [0x00000000d6a00000, 0x00000000d9400000, 0x0000000100000000)
  eden space 32768K, 100% used [0x00000000d6a00000,0x00000000d8a00000,0x00000000d8a00000)
  from space 5120K, 0% used [0x00000000d8f00000,0x00000000d8f00000,0x00000000d9400000)
  to   space 5120K, 0% used [0x00000000d8a00000,0x00000000d8a00000,0x00000000d8f00000)
 ParOldGen       total 86016K, used 0K [0x0000000083e00000, 0x0000000089200000, 0x00000000d6a00000)
  object space 86016K, 0% used [0x0000000083e00000,0x0000000083e00000,0x0000000089200000)
 Metaspace       used 10128K, capacity 10374K, committed 10624K, reserved 1058816K
  class space    used 1255K, capacity 1377K, committed 1408K, reserved 1048576K
Event: 1.717 GC heap after
Heap after GC invocations=1 (full 0):
 PSYoungGen      total 37888K, used 5101K [0x00000000d6a00000, 0x00000000d9400000, 0x0000000100000000)
  eden space 32768K, 0% used [0x00000000d6a00000,0x00000000d6a00000,0x00000000d8a00000)
  from space 5120K, 99% used [0x00000000d8a00000,0x00000000d8efb440,0x00000000d8f00000)
  to   space 5120K, 0% used [0x00000000d8f00000,0x00000000d8f00000,0x00000000d9400000)
 ParOldGen       total 86016K, used 687K [0x0000000083e00000, 0x0000000089200000, 0x00000000d6a00000)
  object space 86016K, 0% used [0x0000000083e00000,0x0000000083eabec0,0x0000000089200000)
 Metaspace       used 10128K, capacity 10374K, committed 10624K, reserved 1058816K
  class space    used 1255K, capacity 1377K, committed 1408K, reserved 1048576K
}
Event: 2.418 GC heap before
{Heap before GC invocations=2 (full 0):
 PSYoungGen      total 37888K, used 37869K [0x00000000d6a00000, 0x00000000d9400000, 0x0000000100000000)
  eden space 32768K, 100% used [0x00000000d6a00000,0x00000000d8a00000,0x00000000d8a00000)
  from space 5120K, 99% used [0x00000000d8a00000,0x00000000d8efb440,0x00000000d8f00000)
  to   space 5120K, 0% used [0x00000000d8f00000,0x00000000d8f00000,0x00000000d9400000)
 ParOldGen       total 86016K, used 687K [0x0000000083e00000, 0x0000000089200000, 0x00000000d6a00000)
  object space 86016K, 0% used [0x0000000083e00000,0x0000000083eabec0,0x0000000089200000)
 Metaspace       used 12717K, capacity 13026K, committed 13312K, reserved 1060864K
  class space    used 1584K, capacity 1712K, committed 1792K, reserved 1048576K
Event: 2.429 GC heap after
Heap after GC invocations=2 (full 0):
 PSYoungGen      total 37888K, used 5111K [0x00000000d6a00000, 0x00000000d9400000, 0x0000000100000000)
  eden space 32768K, 0% used [0x00000000d6a00000,0x00000000d6a00000,0x00000000d8a00000)
  from space 5120K, 99% used [0x00000000d8f00000,0x00000000d93fde50,0x00000000d9400000)
  to   space 5120K, 0% used [0x00000000d8a00000,0x00000000d8a00000,0x00000000d8f00000)
 ParOldGen       total 86016K, used 2552K [0x0000000083e00000, 0x0000000089200000, 0x00000000d6a00000)
  object space 86016K, 2% used [0x0000000083e00000,0x000000008407e388,0x0000000089200000)
 Metaspace       used 12717K, capacity 13026K, committed 13312K, reserved 1060864K
  class space    used 1584K, capacity 1712K, committed 1792K, reserved 1048576K
}
Event: 3.726 GC heap before
{Heap before GC invocations=3 (full 0):
 PSYoungGen      total 37888K, used 37879K [0x00000000d6a00000, 0x00000000d9400000, 0x0000000100000000)
  eden space 32768K, 100% used [0x00000000d6a00000,0x00000000d8a00000,0x00000000d8a00000)
  from space 5120K, 99% used [0x00000000d8f00000,0x00000000d93fde50,0x00000000d9400000)
  to   space 5120K, 0% used [0x00000000d8a00000,0x00000000d8a00000,0x00000000d8f00000)
 ParOldGen       total 86016K, used 2552K [0x0000000083e00000, 0x0000000089200000, 0x00000000d6a00000)
  object space 86016K, 2% used [0x0000000083e00000,0x000000008407e388,0x0000000089200000)
 Metaspace       used 16659K, capacity 17014K, committed 17152K, reserved 1064960K
  class space    used 2133K, capacity 2283K, committed 2304K, reserved 1048576K
Event: 3.736 GC heap after
Heap after GC invocations=3 (full 0):
 PSYoungGen      total 37888K, used 5088K [0x00000000d6a00000, 0x00000000d9400000, 0x0000000100000000)
  eden space 32768K, 0% used [0x00000000d6a00000,0x00000000d6a00000,0x00000000d8a00000)
  from space 5120K, 99% used [0x00000000d8a00000,0x00000000d8ef8240,0x00000000d8f00000)
  to   space 5120K, 0% used [0x00000000d8f00000,0x00000000d8f00000,0x00000000d9400000)
 ParOldGen       total 86016K, used 5270K [0x0000000083e00000, 0x0000000089200000, 0x00000000d6a00000)
  object space 86016K, 6% used [0x0000000083e00000,0x0000000084325b10,0x0000000089200000)
 Metaspace       used 16659K, capacity 17014K, committed 17152K, reserved 1064960K
  class space    used 2133K, capacity 2283K, committed 2304K, reserved 1048576K
}

